


ARM Macro Assembler    Page 1 


    1 00000000         ;******************** (C) COPYRIGHT 2018 IoTality ******
                       **************
    2 00000000         ;* File Name          : services.s
    3 00000000         ;* Author             : Gopal
    4 00000000         ;* Date               : 22-June-2018
    5 00000000         ;* Description        : Routines to carry out system ser
                       vices
    6 00000000         ;*                      - Only switches on an LED connec
                       ted to a port pin
    7 00000000         ;*                      - These are called from the SVC 
                       exception handler
    8 00000000         ;*      - One function each of the 4 LEDs on PD12-PD15
    9 00000000         ;*      - A default service handler switches on all LEDs
                       
   10 00000000         ;*                      - Service call 5 is special. It 
                       switches the processor to privileged mode.
   11 00000000         ;*******************************************************
                       **************
   12 00000000         
   13 00000000                 GET              reg_stm32f407xx.inc
    1 00000000         
    2 00000000         ; ******* Register definitions *******
    3 00000000         
    4 00000000         ;As per STM32F407 datasheet and reference manual
    5 00000000         
    6 00000000 40023830 
                       RCC_AHB1ENR
                               EQU              0x40023830  ;Clock control for 
                                                            AHB1 peripherals (i
                                                            ncludes GPIO)
    7 00000000         
    8 00000000         ;GPIO-D control registers
    9 00000000 40020C00 
                       GPIOD_MODER
                               EQU              0x40020C00  ;set GPIO pin mode 
                                                            as Input/Output/Ana
                                                            log
   10 00000000 40020C04 
                       GPIOD_OTYPER
                               EQU              0x40020C04  ;Set GPIO pin type 
                                                            as push-pull or ope
                                                            n drain
   11 00000000 40020C08 
                       GPIOD_OSPEEDR
                               EQU              0x40020C08  ;Set GPIO pin switc
                                                            hing speed
   12 00000000 40020C0C 
                       GPIOD_PUPDR
                               EQU              0x40020C0C  ;Set GPIO pin pull-
                                                            up/pull-down
   13 00000000 40020C14 
                       GPIOD_ODR
                               EQU              0x40020C14  ;GPIO pin output da
                                                            ta
   14 00000000         
   15 00000000 40020C18 
                       GPIOD_BSRR
                               EQU              0x40020C18
   16 00000000         



ARM Macro Assembler    Page 2 


   17 00000000         
   18 00000000 E000E010 
                       SYSTICK_CONTROLR
                               EQU              0xE000E010
   19 00000000 E000E014 
                       SYSTICK_RELOADR
                               EQU              0xE000E014
   20 00000000         
   21 00000000         
   22 00000000         ; **************************
   23 00000000         
   24 00000000         
   25 00000000                 END
   14 00000000         
   15 00000000                 AREA             SERVICECODE, CODE, READONLY
   16 00000000         
   17 00000000         
   18 00000000                 EXPORT           Service_Call_1
   19 00000000                 EXPORT           Service_Call_2
   20 00000000                 EXPORT           Service_Call_3
   21 00000000                 EXPORT           Service_Call_4
   22 00000000                 EXPORT           Service_Call_5
   23 00000000                 EXPORT           Service_Call_Default
   24 00000000         
   25 00000000         ;*******************************************************
                       **************
   26 00000000         ;All the service calls from 1 to 4 follow a simple flow
   27 00000000         ;Load the GPIO-D BSRR register address in R1
   28 00000000         ;Load value to control the LEDs in R3
   29 00000000         ;The LED to be switched on needs to be written '1' 
   30 00000000         ;at the corresponding bit in lower half of BSRR
   31 00000000         ;The LEDs to be switched off needs to be written '1'
   32 00000000         ;in the upper half of BSRR
   33 00000000         ;Store the value back to BSRR
   34 00000000         
   35 00000000         ; Service call 5 is a special one. It switches the proce
                       ssor to privileged mode.
   36 00000000         
   37 00000000         ;*******************************************************
                       **************
   38 00000000         
   39 00000000         ;*******************************************************
                       **************
   40 00000000         Service_Call_1
                               FUNCTION
   41 00000000         
   42 00000000 490C            LDR              R1, =GPIOD_BSRR
   43 00000002 4B0D            LDR              R3, =LED1
   44 00000004 600B            STR              R3, [R1]
   45 00000006 4770            BX               LR
   46 00000008                 ENDFUNC
   47 00000008         ;*******************************************************
                       **************
   48 00000008         
   49 00000008         ;*******************************************************
                       **************
   50 00000008         Service_Call_2
                               FUNCTION
   51 00000008         



ARM Macro Assembler    Page 3 


   52 00000008 490A            LDR              R1, =GPIOD_BSRR
   53 0000000A 4B0C            LDR              R3, =LED2
   54 0000000C 600B            STR              R3, [R1]
   55 0000000E 4770            BX               LR
   56 00000010                 ENDFUNC
   57 00000010         ;*******************************************************
                       **************
   58 00000010         
   59 00000010         ;*******************************************************
                       **************
   60 00000010         Service_Call_3
                               FUNCTION
   61 00000010         
   62 00000010 4908            LDR              R1, =GPIOD_BSRR
   63 00000012 4B0B            LDR              R3, =LED3
   64 00000014 600B            STR              R3, [R1]
   65 00000016 4770            BX               LR
   66 00000018                 ENDFUNC
   67 00000018         ;*******************************************************
                       **************
   68 00000018         
   69 00000018         ;*******************************************************
                       **************
   70 00000018         Service_Call_4
                               FUNCTION
   71 00000018         
   72 00000018 4906            LDR              R1, =GPIOD_BSRR
   73 0000001A 4B0A            LDR              R3, =LED4
   74 0000001C 600B            STR              R3, [R1]
   75 0000001E 4770            BX               LR
   76 00000020                 ENDFUNC
   77 00000020         ;*******************************************************
                       **************
   78 00000020         
   79 00000020         
   80 00000020         ;*******************************************************
                       **************
   81 00000020         Service_Call_5
                               FUNCTION
   82 00000020         
   83 00000020 F04F 0000       MOV              R0, #00
   84 00000024 F380 8814       MSR              CONTROL, R0
   85 00000028         
   86 00000028 4770            BX               LR
   87 0000002A                 ENDFUNC
   88 0000002A         ;*******************************************************
                       **************
   89 0000002A         
   90 0000002A         
   91 0000002A         ;*******************************************************
                       **************
   92 0000002A         Service_Call_Default
                               FUNCTION
   93 0000002A         
   94 0000002A 4902            LDR              R1, =GPIOD_BSRR
   95 0000002C 4B06            LDR              R3, =ALL_ON
   96 0000002E 600B            STR              R3, [R1]
   97 00000030 4770            BX               LR
   98 00000032                 ENDFUNC



ARM Macro Assembler    Page 4 


   99 00000032         ;*******************************************************
                       ************** 
  100 00000032         
  101 00000032 00 00           ALIGN
  102 00000034 E0001000 
                       LED1    EQU              0xE0001000  ;Switch on LED at P
                                                            D12 and switch off 
                                                            PD13,PD14,PD15
  103 00000034 D0002000 
                       LED2    EQU              0xD0002000  ;Switch on LED at P
                                                            D13 and switch off 
                                                            PD12,PD14,PD15
  104 00000034 B0004000 
                       LED3    EQU              0xB0004000  ;Switch on LED at P
                                                            D14 and switch off 
                                                            PD12,PD13,PD15
  105 00000034 70008000 
                       LED4    EQU              0x70008000  ;Switch on LED at P
                                                            D15 and switch off 
                                                            PD12,PD13,PD14
  106 00000034 0000F000 
                       ALL_ON  EQU              0x0000F000  ;Switch on all LEDs
                                                             PD12 - PD15
  107 00000034 F0000000 
                       ALL_OFF EQU              0xF0000000  ;Switch off all LED
                                                            s PD12 - PD15
  108 00000034         
  109 00000034                 END
              40020C18 
              E0001000 
              D0002000 
              B0004000 
              70008000 
              0000F000 
Command Line: --debug --xref --diag_suppress=9931 --cpu=Cortex-M4.fp --apcs=int
erwork --depend=.\objects\service.d -o.\objects\service.o -I.\RTE\_Target_1 -IC
:\Keil_v5\ARM\PACK\Keil\STM32F4xx_DFP\2.11.0\Drivers\CMSIS\Device\ST\STM32F4xx\
Include -IC:\Keil_v5\ARM\CMSIS\Include --predefine="__EVAL SETA 1" --predefine=
"__UVISION_VERSION SETA 524" --predefine="STM32F407xx SETA 1" --list=.\listings
\service.lst ..\src\service.s



ARM Macro Assembler    Page 1 Alphabetic symbol ordering
Relocatable symbols

SERVICECODE 00000000

Symbol: SERVICECODE
   Definitions
      At line 15 in file ..\src\service.s
   Uses
      None
Comment: SERVICECODE unused
Service_Call_1 00000000

Symbol: Service_Call_1
   Definitions
      At line 40 in file ..\src\service.s
   Uses
      At line 18 in file ..\src\service.s
Comment: Service_Call_1 used once
Service_Call_2 00000008

Symbol: Service_Call_2
   Definitions
      At line 50 in file ..\src\service.s
   Uses
      At line 19 in file ..\src\service.s
Comment: Service_Call_2 used once
Service_Call_3 00000010

Symbol: Service_Call_3
   Definitions
      At line 60 in file ..\src\service.s
   Uses
      At line 20 in file ..\src\service.s
Comment: Service_Call_3 used once
Service_Call_4 00000018

Symbol: Service_Call_4
   Definitions
      At line 70 in file ..\src\service.s
   Uses
      At line 21 in file ..\src\service.s
Comment: Service_Call_4 used once
Service_Call_5 00000020

Symbol: Service_Call_5
   Definitions
      At line 81 in file ..\src\service.s
   Uses
      At line 22 in file ..\src\service.s
Comment: Service_Call_5 used once
Service_Call_Default 0000002A

Symbol: Service_Call_Default
   Definitions
      At line 92 in file ..\src\service.s
   Uses
      At line 23 in file ..\src\service.s
Comment: Service_Call_Default used once
7 symbols



ARM Macro Assembler    Page 1 Alphabetic symbol ordering
Absolute symbols

ALL_OFF F0000000

Symbol: ALL_OFF
   Definitions
      At line 107 in file ..\src\service.s
   Uses
      None
Comment: ALL_OFF unused
ALL_ON 0000F000

Symbol: ALL_ON
   Definitions
      At line 106 in file ..\src\service.s
   Uses
      At line 95 in file ..\src\service.s
Comment: ALL_ON used once
GPIOD_BSRR 40020C18

Symbol: GPIOD_BSRR
   Definitions
      At line 15 in file ..\src\reg_stm32f407xx.inc
   Uses
      At line 42 in file ..\src\service.s
      At line 52 in file ..\src\service.s
      At line 62 in file ..\src\service.s
      At line 72 in file ..\src\service.s
      At line 94 in file ..\src\service.s

GPIOD_MODER 40020C00

Symbol: GPIOD_MODER
   Definitions
      At line 9 in file ..\src\reg_stm32f407xx.inc
   Uses
      None
Comment: GPIOD_MODER unused
GPIOD_ODR 40020C14

Symbol: GPIOD_ODR
   Definitions
      At line 13 in file ..\src\reg_stm32f407xx.inc
   Uses
      None
Comment: GPIOD_ODR unused
GPIOD_OSPEEDR 40020C08

Symbol: GPIOD_OSPEEDR
   Definitions
      At line 11 in file ..\src\reg_stm32f407xx.inc
   Uses
      None
Comment: GPIOD_OSPEEDR unused
GPIOD_OTYPER 40020C04

Symbol: GPIOD_OTYPER
   Definitions
      At line 10 in file ..\src\reg_stm32f407xx.inc
   Uses
      None



ARM Macro Assembler    Page 2 Alphabetic symbol ordering
Absolute symbols

Comment: GPIOD_OTYPER unused
GPIOD_PUPDR 40020C0C

Symbol: GPIOD_PUPDR
   Definitions
      At line 12 in file ..\src\reg_stm32f407xx.inc
   Uses
      None
Comment: GPIOD_PUPDR unused
LED1 E0001000

Symbol: LED1
   Definitions
      At line 102 in file ..\src\service.s
   Uses
      At line 43 in file ..\src\service.s
Comment: LED1 used once
LED2 D0002000

Symbol: LED2
   Definitions
      At line 103 in file ..\src\service.s
   Uses
      At line 53 in file ..\src\service.s
Comment: LED2 used once
LED3 B0004000

Symbol: LED3
   Definitions
      At line 104 in file ..\src\service.s
   Uses
      At line 63 in file ..\src\service.s
Comment: LED3 used once
LED4 70008000

Symbol: LED4
   Definitions
      At line 105 in file ..\src\service.s
   Uses
      At line 73 in file ..\src\service.s
Comment: LED4 used once
RCC_AHB1ENR 40023830

Symbol: RCC_AHB1ENR
   Definitions
      At line 6 in file ..\src\reg_stm32f407xx.inc
   Uses
      None
Comment: RCC_AHB1ENR unused
SYSTICK_CONTROLR E000E010

Symbol: SYSTICK_CONTROLR
   Definitions
      At line 18 in file ..\src\reg_stm32f407xx.inc
   Uses
      None
Comment: SYSTICK_CONTROLR unused
SYSTICK_RELOADR E000E014




ARM Macro Assembler    Page 3 Alphabetic symbol ordering
Absolute symbols

Symbol: SYSTICK_RELOADR
   Definitions
      At line 19 in file ..\src\reg_stm32f407xx.inc
   Uses
      None
Comment: SYSTICK_RELOADR unused
15 symbols
358 symbols in table
